[2022-11-14 21:36:43,244] multiqc                                            [DEBUG  ]  No MultiQC config found: /kyukon/home/apps/RHEL8/haswell-ib/software/MultiQC/1.9-intel-2020a-Python-3.8.2/lib/python3.8/site-packages/multiqc_config.yaml
[2022-11-14 21:36:43,244] multiqc                                            [DEBUG  ]  No MultiQC config found: /user/gent/436/vsc43666/.multiqc_config.yaml
[2022-11-14 21:36:43,244] multiqc                                            [DEBUG  ]  No MultiQC config found: multiqc_config.yaml
[2022-11-14 21:36:43,245] multiqc                                            [DEBUG  ]  Command used: /apps/gent/RHEL8/haswell-ib/software/MultiQC/1.9-intel-2020a-Python-3.8.2/bin/multiqc .
[2022-11-14 21:36:43,423] multiqc                                            [WARNING]  MultiQC Version v1.13 now available!
[2022-11-14 21:36:43,425] multiqc                                            [INFO   ]  This is MultiQC v1.9
[2022-11-14 21:36:43,425] multiqc                                            [DEBUG  ]  Command     : /apps/gent/RHEL8/haswell-ib/software/MultiQC/1.9-intel-2020a-Python-3.8.2/bin/multiqc .
[2022-11-14 21:36:43,426] multiqc                                            [DEBUG  ]  Working dir : /kyukon/data/gent/vo/000/gvo00095/Courses/AHTA/Group11/GSE89431
[2022-11-14 21:36:43,426] multiqc                                            [INFO   ]  Template    : default
[2022-11-14 21:36:43,426] multiqc                                            [DEBUG  ]  Running Python 3.8.2 (default, Mar 12 2021, 19:27:03)  [GCC 9.3.0]
[2022-11-14 21:36:43,426] multiqc                                            [INFO   ]  Searching   : /kyukon/data/gent/vo/000/gvo00095/Courses/AHTA/Group11/GSE89431
[2022-11-14 21:36:43,427] multiqc                                            [DEBUG  ]  Analysing modules: custom_content, conpair, peddy, somalier, methylQA, mosdepth, phantompeakqualtools, qualimap, preseq, quast, qorts, rna_seqc, rockhopper, rsem, rseqc, busco, goleft_indexcov, disambiguate, supernova, deeptools, sargasso, verifybamid, mirtrace, happy, mirtop, homer, macs2, theta2, snpeff, gatk, htseq, bcftools, featureCounts, fgbio, dragen, dedup, damageprofiler, biobambam2, mtnucratio, picard, prokka, samblaster, samtools, sexdeterrmine, bamtools, jellyfish, vcftools, longranger, stacks, varscan2, bbmap, bismark, biscuit, hicexplorer, hicup, hicpro, salmon, kallisto, slamdunk, star, hisat2, tophat, bowtie2, bowtie1, snpsplit, kat, leehom, adapterRemoval, clipandmerge, cutadapt, flexbar, kaiju, kraken, malt, trimmomatic, sickle, skewer, sortmerna, biobloomtools, fastq_screen, afterqc, fastp, fastqc, pycoqc, minionqc, multivcfanalyzer, clusterflow, bcl2fastq, interop, ivar, flash, seqyclean
[2022-11-14 21:36:43,427] multiqc                                            [DEBUG  ]  Using temporary directory for creating report: /tmp/tmps9l8bhd7
[2022-11-14 21:36:43,881] multiqc                                            [DEBUG  ]  File ignored by hicexplorer because it exceeded search pattern filesize limit: PreprocessingPipeline.pbs.o60030733
[2022-11-14 21:36:43,887] multiqc                                            [DEBUG  ]  File ignored by longranger/invocation because it exceeded search pattern filesize limit: PreprocessingPipeline.pbs.o60030733
[2022-11-14 21:36:43,944] multiqc                                            [DEBUG  ]  File ignored by longranger/invocation because it exceeded search pattern filesize limit: PreprocessingPipeline.pbs.o60030731
[2022-11-14 21:36:43,969] multiqc                                            [DEBUG  ]  File ignored by longranger/invocation because it exceeded search pattern filesize limit: PreprocessingPipeline.pbs.e60030731
[2022-11-14 21:36:43,991] multiqc                                            [DEBUG  ]  File ignored by longranger/invocation because it exceeded search pattern filesize limit: PreprocessingPipeline.pbs
[2022-11-14 21:36:44,049] multiqc                                            [DEBUG  ]  File ignored by hicexplorer because it exceeded search pattern filesize limit: PreprocessingPipeline.pbs.o60030727
[2022-11-14 21:36:44,053] multiqc                                            [DEBUG  ]  File ignored by longranger/invocation because it exceeded search pattern filesize limit: PreprocessingPipeline.pbs.o60030727
[2022-11-14 21:36:44,135] multiqc                                            [DEBUG  ]  File ignored by hicexplorer because it exceeded search pattern filesize limit: PreprocessingPipeline.pbs.e60030727
[2022-11-14 21:36:44,140] multiqc                                            [DEBUG  ]  File ignored by longranger/invocation because it exceeded search pattern filesize limit: PreprocessingPipeline.pbs.e60030727
[2022-11-14 21:36:44,164] multiqc                                            [DEBUG  ]  File ignored by longranger/invocation because it exceeded search pattern filesize limit: PreprocessingPipeline.pbs~
[2022-11-14 21:36:44,184] multiqc                                            [DEBUG  ]  File ignored by hicexplorer because it exceeded search pattern filesize limit: PreprocessingPipeline.pbs.e60030733
[2022-11-14 21:36:44,188] multiqc                                            [DEBUG  ]  File ignored by longranger/invocation because it exceeded search pattern filesize limit: PreprocessingPipeline.pbs.e60030733
[2022-11-14 21:36:44,763] multiqc                                            [DEBUG  ]  File ignored by hicexplorer because it exceeded search pattern filesize limit: SRR4828899_fastqc.html
[2022-11-14 21:36:44,768] multiqc                                            [DEBUG  ]  File ignored by longranger/invocation because it exceeded search pattern filesize limit: SRR4828899_fastqc.html
[2022-11-14 21:36:44,768] multiqc                                            [DEBUG  ]  File ignored by rockhopper because it exceeded search pattern filesize limit: SRR4828899_fastqc.html
[2022-11-14 21:36:44,768] multiqc                                            [DEBUG  ]  File ignored by rseqc/bam_stat because it exceeded search pattern filesize limit: SRR4828899_fastqc.html
[2022-11-14 21:36:44,768] multiqc                                            [DEBUG  ]  File ignored by rseqc/junction_annotation because it exceeded search pattern filesize limit: SRR4828899_fastqc.html
[2022-11-14 21:36:44,768] multiqc                                            [DEBUG  ]  File ignored by rseqc/read_distribution because it exceeded search pattern filesize limit: SRR4828899_fastqc.html
[2022-11-14 21:36:44,769] multiqc                                            [DEBUG  ]  File ignored by rseqc/infer_experiment because it exceeded search pattern filesize limit: SRR4828899_fastqc.html
[2022-11-14 21:36:44,933] multiqc                                            [DEBUG  ]  File ignored by hicexplorer because it exceeded search pattern filesize limit: SRR4828895_fastqc.html
[2022-11-14 21:36:44,937] multiqc                                            [DEBUG  ]  File ignored by longranger/invocation because it exceeded search pattern filesize limit: SRR4828895_fastqc.html
[2022-11-14 21:36:44,937] multiqc                                            [DEBUG  ]  File ignored by rockhopper because it exceeded search pattern filesize limit: SRR4828895_fastqc.html
[2022-11-14 21:36:44,937] multiqc                                            [DEBUG  ]  File ignored by rseqc/bam_stat because it exceeded search pattern filesize limit: SRR4828895_fastqc.html
[2022-11-14 21:36:44,938] multiqc                                            [DEBUG  ]  File ignored by rseqc/junction_annotation because it exceeded search pattern filesize limit: SRR4828895_fastqc.html
[2022-11-14 21:36:44,938] multiqc                                            [DEBUG  ]  File ignored by rseqc/read_distribution because it exceeded search pattern filesize limit: SRR4828895_fastqc.html
[2022-11-14 21:36:44,938] multiqc                                            [DEBUG  ]  File ignored by rseqc/infer_experiment because it exceeded search pattern filesize limit: SRR4828895_fastqc.html
[2022-11-14 21:36:45,108] multiqc                                            [DEBUG  ]  File ignored by hicexplorer because it exceeded search pattern filesize limit: SRR4828893_fastqc.html
[2022-11-14 21:36:45,112] multiqc                                            [DEBUG  ]  File ignored by longranger/invocation because it exceeded search pattern filesize limit: SRR4828893_fastqc.html
[2022-11-14 21:36:45,113] multiqc                                            [DEBUG  ]  File ignored by rockhopper because it exceeded search pattern filesize limit: SRR4828893_fastqc.html
[2022-11-14 21:36:45,113] multiqc                                            [DEBUG  ]  File ignored by rseqc/bam_stat because it exceeded search pattern filesize limit: SRR4828893_fastqc.html
[2022-11-14 21:36:45,113] multiqc                                            [DEBUG  ]  File ignored by rseqc/junction_annotation because it exceeded search pattern filesize limit: SRR4828893_fastqc.html
[2022-11-14 21:36:45,113] multiqc                                            [DEBUG  ]  File ignored by rseqc/read_distribution because it exceeded search pattern filesize limit: SRR4828893_fastqc.html
[2022-11-14 21:36:45,113] multiqc                                            [DEBUG  ]  File ignored by rseqc/infer_experiment because it exceeded search pattern filesize limit: SRR4828893_fastqc.html
[2022-11-14 21:36:45,265] multiqc                                            [DEBUG  ]  File ignored by hicexplorer because it exceeded search pattern filesize limit: SRR4828900_fastqc.html
[2022-11-14 21:36:45,270] multiqc                                            [DEBUG  ]  File ignored by longranger/invocation because it exceeded search pattern filesize limit: SRR4828900_fastqc.html
[2022-11-14 21:36:45,270] multiqc                                            [DEBUG  ]  File ignored by rockhopper because it exceeded search pattern filesize limit: SRR4828900_fastqc.html
[2022-11-14 21:36:45,270] multiqc                                            [DEBUG  ]  File ignored by rseqc/bam_stat because it exceeded search pattern filesize limit: SRR4828900_fastqc.html
[2022-11-14 21:36:45,270] multiqc                                            [DEBUG  ]  File ignored by rseqc/junction_annotation because it exceeded search pattern filesize limit: SRR4828900_fastqc.html
[2022-11-14 21:36:45,270] multiqc                                            [DEBUG  ]  File ignored by rseqc/read_distribution because it exceeded search pattern filesize limit: SRR4828900_fastqc.html
[2022-11-14 21:36:45,270] multiqc                                            [DEBUG  ]  File ignored by rseqc/infer_experiment because it exceeded search pattern filesize limit: SRR4828900_fastqc.html
[2022-11-14 21:36:45,384] multiqc                                            [DEBUG  ]  File ignored by hicexplorer because it exceeded search pattern filesize limit: SRR4828896_fastqc.html
[2022-11-14 21:36:45,386] multiqc                                            [DEBUG  ]  File ignored by longranger/invocation because it exceeded search pattern filesize limit: SRR4828896_fastqc.html
[2022-11-14 21:36:45,386] multiqc                                            [DEBUG  ]  File ignored by rockhopper because it exceeded search pattern filesize limit: SRR4828896_fastqc.html
[2022-11-14 21:36:45,387] multiqc                                            [DEBUG  ]  File ignored by rseqc/bam_stat because it exceeded search pattern filesize limit: SRR4828896_fastqc.html
[2022-11-14 21:36:45,387] multiqc                                            [DEBUG  ]  File ignored by rseqc/junction_annotation because it exceeded search pattern filesize limit: SRR4828896_fastqc.html
[2022-11-14 21:36:45,387] multiqc                                            [DEBUG  ]  File ignored by rseqc/read_distribution because it exceeded search pattern filesize limit: SRR4828896_fastqc.html
[2022-11-14 21:36:45,387] multiqc                                            [DEBUG  ]  File ignored by rseqc/infer_experiment because it exceeded search pattern filesize limit: SRR4828896_fastqc.html
[2022-11-14 21:36:45,474] multiqc                                            [DEBUG  ]  File ignored by hicexplorer because it exceeded search pattern filesize limit: SRR4828897_fastqc.html
[2022-11-14 21:36:45,477] multiqc                                            [DEBUG  ]  File ignored by longranger/invocation because it exceeded search pattern filesize limit: SRR4828897_fastqc.html
[2022-11-14 21:36:45,477] multiqc                                            [DEBUG  ]  File ignored by rockhopper because it exceeded search pattern filesize limit: SRR4828897_fastqc.html
[2022-11-14 21:36:45,477] multiqc                                            [DEBUG  ]  File ignored by rseqc/bam_stat because it exceeded search pattern filesize limit: SRR4828897_fastqc.html
[2022-11-14 21:36:45,477] multiqc                                            [DEBUG  ]  File ignored by rseqc/junction_annotation because it exceeded search pattern filesize limit: SRR4828897_fastqc.html
[2022-11-14 21:36:45,478] multiqc                                            [DEBUG  ]  File ignored by rseqc/read_distribution because it exceeded search pattern filesize limit: SRR4828897_fastqc.html
[2022-11-14 21:36:45,478] multiqc                                            [DEBUG  ]  File ignored by rseqc/infer_experiment because it exceeded search pattern filesize limit: SRR4828897_fastqc.html
[2022-11-14 21:36:45,589] multiqc                                            [DEBUG  ]  File ignored by hicexplorer because it exceeded search pattern filesize limit: SRR4828891_fastqc.html
[2022-11-14 21:36:45,591] multiqc                                            [DEBUG  ]  File ignored by longranger/invocation because it exceeded search pattern filesize limit: SRR4828891_fastqc.html
[2022-11-14 21:36:45,591] multiqc                                            [DEBUG  ]  File ignored by rockhopper because it exceeded search pattern filesize limit: SRR4828891_fastqc.html
[2022-11-14 21:36:45,591] multiqc                                            [DEBUG  ]  File ignored by rseqc/bam_stat because it exceeded search pattern filesize limit: SRR4828891_fastqc.html
[2022-11-14 21:36:45,591] multiqc                                            [DEBUG  ]  File ignored by rseqc/junction_annotation because it exceeded search pattern filesize limit: SRR4828891_fastqc.html
[2022-11-14 21:36:45,591] multiqc                                            [DEBUG  ]  File ignored by rseqc/read_distribution because it exceeded search pattern filesize limit: SRR4828891_fastqc.html
[2022-11-14 21:36:45,592] multiqc                                            [DEBUG  ]  File ignored by rseqc/infer_experiment because it exceeded search pattern filesize limit: SRR4828891_fastqc.html
[2022-11-14 21:36:45,666] multiqc                                            [DEBUG  ]  File ignored by hicexplorer because it exceeded search pattern filesize limit: SRR4828898_fastqc.html
[2022-11-14 21:36:45,668] multiqc                                            [DEBUG  ]  File ignored by longranger/invocation because it exceeded search pattern filesize limit: SRR4828898_fastqc.html
[2022-11-14 21:36:45,668] multiqc                                            [DEBUG  ]  File ignored by rockhopper because it exceeded search pattern filesize limit: SRR4828898_fastqc.html
[2022-11-14 21:36:45,668] multiqc                                            [DEBUG  ]  File ignored by rseqc/bam_stat because it exceeded search pattern filesize limit: SRR4828898_fastqc.html
[2022-11-14 21:36:45,669] multiqc                                            [DEBUG  ]  File ignored by rseqc/junction_annotation because it exceeded search pattern filesize limit: SRR4828898_fastqc.html
[2022-11-14 21:36:45,669] multiqc                                            [DEBUG  ]  File ignored by rseqc/read_distribution because it exceeded search pattern filesize limit: SRR4828898_fastqc.html
[2022-11-14 21:36:45,669] multiqc                                            [DEBUG  ]  File ignored by rseqc/infer_experiment because it exceeded search pattern filesize limit: SRR4828898_fastqc.html
[2022-11-14 21:36:45,775] multiqc                                            [DEBUG  ]  File ignored by hicexplorer because it exceeded search pattern filesize limit: SRR4828894_fastqc.html
[2022-11-14 21:36:45,777] multiqc                                            [DEBUG  ]  File ignored by longranger/invocation because it exceeded search pattern filesize limit: SRR4828894_fastqc.html
[2022-11-14 21:36:45,778] multiqc                                            [DEBUG  ]  File ignored by rockhopper because it exceeded search pattern filesize limit: SRR4828894_fastqc.html
[2022-11-14 21:36:45,778] multiqc                                            [DEBUG  ]  File ignored by rseqc/bam_stat because it exceeded search pattern filesize limit: SRR4828894_fastqc.html
[2022-11-14 21:36:45,778] multiqc                                            [DEBUG  ]  File ignored by rseqc/junction_annotation because it exceeded search pattern filesize limit: SRR4828894_fastqc.html
[2022-11-14 21:36:45,778] multiqc                                            [DEBUG  ]  File ignored by rseqc/read_distribution because it exceeded search pattern filesize limit: SRR4828894_fastqc.html
[2022-11-14 21:36:45,778] multiqc                                            [DEBUG  ]  File ignored by rseqc/infer_experiment because it exceeded search pattern filesize limit: SRR4828894_fastqc.html
[2022-11-14 21:36:45,888] multiqc                                            [DEBUG  ]  File ignored by hicexplorer because it exceeded search pattern filesize limit: SRR4828892_fastqc.html
[2022-11-14 21:36:45,891] multiqc                                            [DEBUG  ]  File ignored by longranger/invocation because it exceeded search pattern filesize limit: SRR4828892_fastqc.html
[2022-11-14 21:36:45,891] multiqc                                            [DEBUG  ]  File ignored by rockhopper because it exceeded search pattern filesize limit: SRR4828892_fastqc.html
[2022-11-14 21:36:45,891] multiqc                                            [DEBUG  ]  File ignored by rseqc/bam_stat because it exceeded search pattern filesize limit: SRR4828892_fastqc.html
[2022-11-14 21:36:45,891] multiqc                                            [DEBUG  ]  File ignored by rseqc/junction_annotation because it exceeded search pattern filesize limit: SRR4828892_fastqc.html
[2022-11-14 21:36:45,891] multiqc                                            [DEBUG  ]  File ignored by rseqc/read_distribution because it exceeded search pattern filesize limit: SRR4828892_fastqc.html
[2022-11-14 21:36:45,891] multiqc                                            [DEBUG  ]  File ignored by rseqc/infer_experiment because it exceeded search pattern filesize limit: SRR4828892_fastqc.html
[2022-11-14 21:36:45,992] multiqc                                            [DEBUG  ]  File ignored by hicexplorer because it exceeded search pattern filesize limit: SRR4828901_fastqc.html
[2022-11-14 21:36:45,995] multiqc                                            [DEBUG  ]  File ignored by longranger/invocation because it exceeded search pattern filesize limit: SRR4828901_fastqc.html
[2022-11-14 21:36:45,995] multiqc                                            [DEBUG  ]  File ignored by rockhopper because it exceeded search pattern filesize limit: SRR4828901_fastqc.html
[2022-11-14 21:36:45,995] multiqc                                            [DEBUG  ]  File ignored by rseqc/bam_stat because it exceeded search pattern filesize limit: SRR4828901_fastqc.html
[2022-11-14 21:36:45,995] multiqc                                            [DEBUG  ]  File ignored by rseqc/junction_annotation because it exceeded search pattern filesize limit: SRR4828901_fastqc.html
[2022-11-14 21:36:45,995] multiqc                                            [DEBUG  ]  File ignored by rseqc/read_distribution because it exceeded search pattern filesize limit: SRR4828901_fastqc.html
[2022-11-14 21:36:45,995] multiqc                                            [DEBUG  ]  File ignored by rseqc/infer_experiment because it exceeded search pattern filesize limit: SRR4828901_fastqc.html
[2022-11-14 21:36:46,102] multiqc                                            [DEBUG  ]  File ignored by hicexplorer because it exceeded search pattern filesize limit: SRR4828890_fastqc.html
[2022-11-14 21:36:46,104] multiqc                                            [DEBUG  ]  File ignored by longranger/invocation because it exceeded search pattern filesize limit: SRR4828890_fastqc.html
[2022-11-14 21:36:46,104] multiqc                                            [DEBUG  ]  File ignored by rockhopper because it exceeded search pattern filesize limit: SRR4828890_fastqc.html
[2022-11-14 21:36:46,105] multiqc                                            [DEBUG  ]  File ignored by rseqc/bam_stat because it exceeded search pattern filesize limit: SRR4828890_fastqc.html
[2022-11-14 21:36:46,105] multiqc                                            [DEBUG  ]  File ignored by rseqc/junction_annotation because it exceeded search pattern filesize limit: SRR4828890_fastqc.html
[2022-11-14 21:36:46,105] multiqc                                            [DEBUG  ]  File ignored by rseqc/read_distribution because it exceeded search pattern filesize limit: SRR4828890_fastqc.html
[2022-11-14 21:36:46,105] multiqc                                            [DEBUG  ]  File ignored by rseqc/infer_experiment because it exceeded search pattern filesize limit: SRR4828890_fastqc.html
[2022-11-14 21:36:47,368] multiqc.plots.bargraph                             [DEBUG  ]  Using matplotlib version 3.2.1
[2022-11-14 21:36:47,394] multiqc.plots.linegraph                            [DEBUG  ]  Using matplotlib version 3.2.1
[2022-11-14 21:36:47,399] multiqc                                            [DEBUG  ]  No samples found: custom_content
[2022-11-14 21:36:47,410] multiqc                                            [DEBUG  ]  No samples found: conpair
[2022-11-14 21:36:47,448] multiqc                                            [DEBUG  ]  No samples found: peddy
[2022-11-14 21:36:47,474] multiqc                                            [DEBUG  ]  No samples found: somalier
[2022-11-14 21:36:47,492] multiqc                                            [DEBUG  ]  No samples found: methylQA
[2022-11-14 21:36:47,534] multiqc                                            [DEBUG  ]  No samples found: mosdepth
[2022-11-14 21:36:47,545] multiqc                                            [DEBUG  ]  No samples found: phantompeakqualtools
[2022-11-14 21:36:47,595] multiqc                                            [DEBUG  ]  No samples found: qualimap
[2022-11-14 21:36:47,617] multiqc                                            [DEBUG  ]  No samples found: preseq
[2022-11-14 21:36:47,648] multiqc                                            [DEBUG  ]  No samples found: quast
[2022-11-14 21:36:47,669] multiqc                                            [DEBUG  ]  No samples found: qorts
[2022-11-14 21:36:47,701] multiqc                                            [DEBUG  ]  No samples found: rna_seqc
[2022-11-14 21:36:47,723] multiqc                                            [DEBUG  ]  No samples found: rockhopper
[2022-11-14 21:36:47,742] multiqc                                            [DEBUG  ]  No samples found: rsem
[2022-11-14 21:36:47,771] multiqc                                            [DEBUG  ]  No samples found: rseqc
[2022-11-14 21:36:47,782] multiqc                                            [DEBUG  ]  No samples found: busco
[2022-11-14 21:36:47,802] multiqc                                            [DEBUG  ]  No samples found: goleft_indexcov
[2022-11-14 21:36:47,813] multiqc                                            [DEBUG  ]  No samples found: disambiguate
[2022-11-14 21:36:47,846] multiqc                                            [DEBUG  ]  No samples found: supernova
[2022-11-14 21:36:47,939] multiqc                                            [DEBUG  ]  No samples found: deeptools
[2022-11-14 21:36:47,962] multiqc                                            [DEBUG  ]  No samples found: sargasso
[2022-11-14 21:36:47,984] multiqc                                            [DEBUG  ]  No samples found: verifybamid
[2022-11-14 21:36:48,010] multiqc                                            [DEBUG  ]  No samples found: mirtrace
[2022-11-14 21:36:48,037] multiqc                                            [DEBUG  ]  No samples found: happy
[2022-11-14 21:36:48,081] multiqc                                            [DEBUG  ]  No samples found: mirtop
[2022-11-14 21:36:48,115] multiqc                                            [DEBUG  ]  No samples found: homer
[2022-11-14 21:36:48,144] multiqc                                            [DEBUG  ]  No samples found: macs2
[2022-11-14 21:36:48,156] multiqc                                            [DEBUG  ]  No samples found: theta2
[2022-11-14 21:36:48,195] multiqc                                            [DEBUG  ]  No samples found: snpeff
[2022-11-14 21:36:48,252] multiqc                                            [DEBUG  ]  No samples found: gatk
[2022-11-14 21:36:48,282] multiqc                                            [DEBUG  ]  No samples found: htseq
[2022-11-14 21:36:48,304] multiqc                                            [DEBUG  ]  No samples found: bcftools
[2022-11-14 21:36:48,344] multiqc                                            [DEBUG  ]  No samples found: featureCounts
[2022-11-14 21:36:48,373] multiqc                                            [DEBUG  ]  No samples found: fgbio
[2022-11-14 21:36:48,508] multiqc                                            [DEBUG  ]  No samples found: dragen
[2022-11-14 21:36:48,534] multiqc                                            [DEBUG  ]  No samples found: dedup
[2022-11-14 21:36:48,741] multiqc                                            [DEBUG  ]  No samples found: damageprofiler
[2022-11-14 21:36:48,989] multiqc                                            [DEBUG  ]  No samples found: biobambam2
[2022-11-14 21:36:49,000] multiqc                                            [DEBUG  ]  No samples found: mtnucratio
[2022-11-14 21:36:49,005] multiqc                                            [DEBUG  ]  No samples found: picard
[2022-11-14 21:36:49,031] multiqc                                            [DEBUG  ]  No samples found: prokka
[2022-11-14 21:36:49,044] multiqc                                            [DEBUG  ]  No samples found: samblaster
[2022-11-14 21:36:49,132] multiqc                                            [DEBUG  ]  No samples found: samtools
[2022-11-14 21:36:49,152] multiqc                                            [DEBUG  ]  No samples found: sexdeterrmine
[2022-11-14 21:36:49,166] multiqc                                            [DEBUG  ]  No samples found: bamtools
[2022-11-14 21:36:49,178] multiqc                                            [DEBUG  ]  No samples found: jellyfish
[2022-11-14 21:36:49,198] multiqc                                            [DEBUG  ]  No samples found: vcftools
[2022-11-14 21:36:49,220] multiqc                                            [DEBUG  ]  No samples found: longranger
[2022-11-14 21:36:49,245] multiqc                                            [DEBUG  ]  No samples found: stacks
[2022-11-14 21:36:49,271] multiqc                                            [DEBUG  ]  No samples found: varscan2
[2022-11-14 21:36:49,334] multiqc                                            [DEBUG  ]  No samples found: bbmap
[2022-11-14 21:36:49,346] multiqc                                            [DEBUG  ]  No samples found: bismark
[2022-11-14 21:36:49,359] multiqc                                            [DEBUG  ]  No samples found: biscuit
[2022-11-14 21:36:49,381] multiqc                                            [DEBUG  ]  No samples found: hicexplorer
[2022-11-14 21:36:49,418] multiqc                                            [DEBUG  ]  No samples found: hicup
[2022-11-14 21:36:49,445] multiqc                                            [DEBUG  ]  No samples found: hicpro
[2022-11-14 21:36:49,457] multiqc                                            [DEBUG  ]  No samples found: salmon
[2022-11-14 21:36:49,490] multiqc                                            [DEBUG  ]  No samples found: kallisto
[2022-11-14 21:36:49,528] multiqc                                            [DEBUG  ]  No samples found: slamdunk
[2022-11-14 21:36:49,554] multiqc                                            [DEBUG  ]  No samples found: star
[2022-11-14 21:36:49,574] multiqc                                            [DEBUG  ]  No samples found: hisat2
[2022-11-14 21:36:49,610] multiqc                                            [DEBUG  ]  No samples found: tophat
[2022-11-14 21:36:49,631] multiqc                                            [DEBUG  ]  No samples found: bowtie2
[2022-11-14 21:36:49,645] multiqc                                            [DEBUG  ]  No samples found: bowtie1
[2022-11-14 21:36:49,669] multiqc                                            [DEBUG  ]  No samples found: snpsplit
[2022-11-14 21:36:49,681] multiqc                                            [DEBUG  ]  No samples found: kat
[2022-11-14 21:36:49,692] multiqc                                            [DEBUG  ]  No samples found: leehom
[2022-11-14 21:36:49,708] multiqc                                            [DEBUG  ]  No samples found: adapterRemoval
[2022-11-14 21:36:49,720] multiqc                                            [DEBUG  ]  No samples found: clipandmerge
[2022-11-14 21:36:49,740] multiqc                                            [DEBUG  ]  No samples found: cutadapt
[2022-11-14 21:36:49,752] multiqc                                            [DEBUG  ]  No samples found: flexbar
[2022-11-14 21:36:49,783] multiqc                                            [DEBUG  ]  No samples found: kaiju
[2022-11-14 21:36:49,805] multiqc                                            [DEBUG  ]  No samples found: kraken
[2022-11-14 21:36:49,822] multiqc                                            [DEBUG  ]  No samples found: malt
[2022-11-14 21:36:49,849] multiqc                                            [DEBUG  ]  No samples found: trimmomatic
[2022-11-14 21:36:49,868] multiqc                                            [DEBUG  ]  No samples found: sickle
[2022-11-14 21:36:49,899] multiqc                                            [DEBUG  ]  No samples found: skewer
[2022-11-14 21:36:49,911] multiqc                                            [DEBUG  ]  No samples found: sortmerna
[2022-11-14 21:36:49,923] multiqc                                            [DEBUG  ]  No samples found: biobloomtools
[2022-11-14 21:36:49,947] multiqc                                            [DEBUG  ]  No samples found: fastq_screen
[2022-11-14 21:36:49,967] multiqc                                            [DEBUG  ]  No samples found: afterqc
[2022-11-14 21:36:49,993] multiqc                                            [DEBUG  ]  No samples found: fastp
[2022-11-14 21:36:50,776] multiqc.modules.fastqc.fastqc                      [INFO   ]  Found 12 reports
[2022-11-14 21:36:51,029] multiqc                                            [DEBUG  ]  No samples found: pycoqc
[2022-11-14 21:36:51,067] multiqc                                            [DEBUG  ]  No samples found: minionqc
[2022-11-14 21:36:51,088] multiqc                                            [DEBUG  ]  No samples found: multivcfanalyzer
[2022-11-14 21:36:51,106] multiqc                                            [DEBUG  ]  No samples found: clusterflow
[2022-11-14 21:36:51,116] multiqc                                            [DEBUG  ]  No samples found: bcl2fastq
[2022-11-14 21:36:51,142] multiqc                                            [DEBUG  ]  No samples found: interop
[2022-11-14 21:36:51,168] multiqc                                            [DEBUG  ]  No samples found: ivar
[2022-11-14 21:36:51,194] multiqc                                            [DEBUG  ]  No samples found: flash
[2022-11-14 21:36:51,215] multiqc                                            [DEBUG  ]  No samples found: seqyclean
[2022-11-14 21:36:51,255] multiqc                                            [INFO   ]  Compressing plot data
[2022-11-14 21:36:51,553] multiqc                                            [INFO   ]  Report      : multiqc_report.html
[2022-11-14 21:36:51,553] multiqc                                            [INFO   ]  Data        : multiqc_data
[2022-11-14 21:36:51,553] multiqc                                            [DEBUG  ]  Moving data file from '/tmp/tmps9l8bhd7/multiqc_data' to '/kyukon/data/gent/vo/000/gvo00095/Courses/AHTA/Group11/GSE89431/multiqc_data'
[2022-11-14 21:36:52,281] multiqc                                            [INFO   ]  MultiQC complete
