[2022-11-17 15:33:05,929] multiqc                                            [DEBUG  ]  No MultiQC config found: /kyukon/home/apps/RHEL8/skylake-ib/software/MultiQC/1.9-intel-2020a-Python-3.8.2/lib/python3.8/site-packages/multiqc_config.yaml
[2022-11-17 15:33:05,930] multiqc                                            [DEBUG  ]  No MultiQC config found: /user/gent/454/vsc45450/.multiqc_config.yaml
[2022-11-17 15:33:05,930] multiqc                                            [DEBUG  ]  No MultiQC config found: multiqc_config.yaml
[2022-11-17 15:33:05,930] multiqc                                            [DEBUG  ]  Command used: /apps/gent/RHEL8/skylake-ib/software/MultiQC/1.9-intel-2020a-Python-3.8.2/bin/multiqc --outdir multiqc_1 .
[2022-11-17 15:33:06,063] multiqc                                            [WARNING]  MultiQC Version v1.13 now available!
[2022-11-17 15:33:06,064] multiqc                                            [INFO   ]  This is MultiQC v1.9
[2022-11-17 15:33:06,064] multiqc                                            [DEBUG  ]  Command     : /apps/gent/RHEL8/skylake-ib/software/MultiQC/1.9-intel-2020a-Python-3.8.2/bin/multiqc --outdir multiqc_1 .
[2022-11-17 15:33:06,064] multiqc                                            [DEBUG  ]  Working dir : /kyukon/data/gent/vo/000/gvo00095/Courses/AHTA/Group11/RNAseq
[2022-11-17 15:33:06,064] multiqc                                            [INFO   ]  Template    : default
[2022-11-17 15:33:06,064] multiqc                                            [DEBUG  ]  Running Python 3.8.2 (default, Mar 10 2022, 22:07:44)  [GCC 9.3.0]
[2022-11-17 15:33:06,064] multiqc                                            [INFO   ]  Searching   : /kyukon/data/gent/vo/000/gvo00095/Courses/AHTA/Group11/RNAseq
[2022-11-17 15:33:06,065] multiqc                                            [DEBUG  ]  Analysing modules: custom_content, conpair, peddy, somalier, methylQA, mosdepth, phantompeakqualtools, qualimap, preseq, quast, qorts, rna_seqc, rockhopper, rsem, rseqc, busco, goleft_indexcov, disambiguate, supernova, deeptools, sargasso, verifybamid, mirtrace, happy, mirtop, homer, macs2, theta2, snpeff, gatk, htseq, bcftools, featureCounts, fgbio, dragen, dedup, damageprofiler, biobambam2, mtnucratio, picard, prokka, samblaster, samtools, sexdeterrmine, bamtools, jellyfish, vcftools, longranger, stacks, varscan2, bbmap, bismark, biscuit, hicexplorer, hicup, hicpro, salmon, kallisto, slamdunk, star, hisat2, tophat, bowtie2, bowtie1, snpsplit, kat, leehom, adapterRemoval, clipandmerge, cutadapt, flexbar, kaiju, kraken, malt, trimmomatic, sickle, skewer, sortmerna, biobloomtools, fastq_screen, afterqc, fastp, fastqc, pycoqc, minionqc, multivcfanalyzer, clusterflow, bcl2fastq, interop, ivar, flash, seqyclean
[2022-11-17 15:33:06,066] multiqc                                            [DEBUG  ]  Using temporary directory for creating report: /tmp/tmpf8f7pt1u
[2022-11-17 15:33:06,412] multiqc                                            [DEBUG  ]  Ignoring file as matched an ignore pattern: SRR2042580.fastq
[2022-11-17 15:33:06,438] multiqc                                            [DEBUG  ]  File ignored by hicexplorer because it exceeded search pattern filesize limit: SRR2042595_fastqc.html
[2022-11-17 15:33:06,444] multiqc                                            [DEBUG  ]  File ignored by longranger/invocation because it exceeded search pattern filesize limit: SRR2042595_fastqc.html
[2022-11-17 15:33:06,444] multiqc                                            [DEBUG  ]  File ignored by rockhopper because it exceeded search pattern filesize limit: SRR2042595_fastqc.html
[2022-11-17 15:33:06,444] multiqc                                            [DEBUG  ]  File ignored by rseqc/bam_stat because it exceeded search pattern filesize limit: SRR2042595_fastqc.html
[2022-11-17 15:33:06,444] multiqc                                            [DEBUG  ]  File ignored by rseqc/junction_annotation because it exceeded search pattern filesize limit: SRR2042595_fastqc.html
[2022-11-17 15:33:06,444] multiqc                                            [DEBUG  ]  File ignored by rseqc/read_distribution because it exceeded search pattern filesize limit: SRR2042595_fastqc.html
[2022-11-17 15:33:06,444] multiqc                                            [DEBUG  ]  File ignored by rseqc/infer_experiment because it exceeded search pattern filesize limit: SRR2042595_fastqc.html
[2022-11-17 15:33:06,551] multiqc                                            [DEBUG  ]  File ignored by hicexplorer because it exceeded search pattern filesize limit: SRR2042586_fastqc.html
[2022-11-17 15:33:06,554] multiqc                                            [DEBUG  ]  File ignored by longranger/invocation because it exceeded search pattern filesize limit: SRR2042586_fastqc.html
[2022-11-17 15:33:06,554] multiqc                                            [DEBUG  ]  File ignored by rockhopper because it exceeded search pattern filesize limit: SRR2042586_fastqc.html
[2022-11-17 15:33:06,554] multiqc                                            [DEBUG  ]  File ignored by rseqc/bam_stat because it exceeded search pattern filesize limit: SRR2042586_fastqc.html
[2022-11-17 15:33:06,554] multiqc                                            [DEBUG  ]  File ignored by rseqc/junction_annotation because it exceeded search pattern filesize limit: SRR2042586_fastqc.html
[2022-11-17 15:33:06,554] multiqc                                            [DEBUG  ]  File ignored by rseqc/read_distribution because it exceeded search pattern filesize limit: SRR2042586_fastqc.html
[2022-11-17 15:33:06,554] multiqc                                            [DEBUG  ]  File ignored by rseqc/infer_experiment because it exceeded search pattern filesize limit: SRR2042586_fastqc.html
[2022-11-17 15:33:06,657] multiqc                                            [DEBUG  ]  File ignored by hicexplorer because it exceeded search pattern filesize limit: SRR2042592_fastqc.html
[2022-11-17 15:33:06,659] multiqc                                            [DEBUG  ]  File ignored by longranger/invocation because it exceeded search pattern filesize limit: SRR2042592_fastqc.html
[2022-11-17 15:33:06,659] multiqc                                            [DEBUG  ]  File ignored by rockhopper because it exceeded search pattern filesize limit: SRR2042592_fastqc.html
[2022-11-17 15:33:06,659] multiqc                                            [DEBUG  ]  File ignored by rseqc/bam_stat because it exceeded search pattern filesize limit: SRR2042592_fastqc.html
[2022-11-17 15:33:06,659] multiqc                                            [DEBUG  ]  File ignored by rseqc/junction_annotation because it exceeded search pattern filesize limit: SRR2042592_fastqc.html
[2022-11-17 15:33:06,660] multiqc                                            [DEBUG  ]  File ignored by rseqc/read_distribution because it exceeded search pattern filesize limit: SRR2042592_fastqc.html
[2022-11-17 15:33:06,660] multiqc                                            [DEBUG  ]  File ignored by rseqc/infer_experiment because it exceeded search pattern filesize limit: SRR2042592_fastqc.html
[2022-11-17 15:33:06,777] multiqc                                            [DEBUG  ]  File ignored by hicexplorer because it exceeded search pattern filesize limit: SRR2042594_fastqc.html
[2022-11-17 15:33:06,780] multiqc                                            [DEBUG  ]  File ignored by longranger/invocation because it exceeded search pattern filesize limit: SRR2042594_fastqc.html
[2022-11-17 15:33:06,780] multiqc                                            [DEBUG  ]  File ignored by rockhopper because it exceeded search pattern filesize limit: SRR2042594_fastqc.html
[2022-11-17 15:33:06,780] multiqc                                            [DEBUG  ]  File ignored by rseqc/bam_stat because it exceeded search pattern filesize limit: SRR2042594_fastqc.html
[2022-11-17 15:33:06,780] multiqc                                            [DEBUG  ]  File ignored by rseqc/junction_annotation because it exceeded search pattern filesize limit: SRR2042594_fastqc.html
[2022-11-17 15:33:06,780] multiqc                                            [DEBUG  ]  File ignored by rseqc/read_distribution because it exceeded search pattern filesize limit: SRR2042594_fastqc.html
[2022-11-17 15:33:06,780] multiqc                                            [DEBUG  ]  File ignored by rseqc/infer_experiment because it exceeded search pattern filesize limit: SRR2042594_fastqc.html
[2022-11-17 15:33:06,909] multiqc                                            [DEBUG  ]  File ignored by hicexplorer because it exceeded search pattern filesize limit: SRR2042584_fastqc.html
[2022-11-17 15:33:06,911] multiqc                                            [DEBUG  ]  File ignored by longranger/invocation because it exceeded search pattern filesize limit: SRR2042584_fastqc.html
[2022-11-17 15:33:06,911] multiqc                                            [DEBUG  ]  File ignored by rockhopper because it exceeded search pattern filesize limit: SRR2042584_fastqc.html
[2022-11-17 15:33:06,911] multiqc                                            [DEBUG  ]  File ignored by rseqc/bam_stat because it exceeded search pattern filesize limit: SRR2042584_fastqc.html
[2022-11-17 15:33:06,912] multiqc                                            [DEBUG  ]  File ignored by rseqc/junction_annotation because it exceeded search pattern filesize limit: SRR2042584_fastqc.html
[2022-11-17 15:33:06,912] multiqc                                            [DEBUG  ]  File ignored by rseqc/read_distribution because it exceeded search pattern filesize limit: SRR2042584_fastqc.html
[2022-11-17 15:33:06,912] multiqc                                            [DEBUG  ]  File ignored by rseqc/infer_experiment because it exceeded search pattern filesize limit: SRR2042584_fastqc.html
[2022-11-17 15:33:07,021] multiqc                                            [DEBUG  ]  File ignored by hicexplorer because it exceeded search pattern filesize limit: SRR2042593_fastqc.html
[2022-11-17 15:33:07,023] multiqc                                            [DEBUG  ]  File ignored by longranger/invocation because it exceeded search pattern filesize limit: SRR2042593_fastqc.html
[2022-11-17 15:33:07,023] multiqc                                            [DEBUG  ]  File ignored by rockhopper because it exceeded search pattern filesize limit: SRR2042593_fastqc.html
[2022-11-17 15:33:07,023] multiqc                                            [DEBUG  ]  File ignored by rseqc/bam_stat because it exceeded search pattern filesize limit: SRR2042593_fastqc.html
[2022-11-17 15:33:07,023] multiqc                                            [DEBUG  ]  File ignored by rseqc/junction_annotation because it exceeded search pattern filesize limit: SRR2042593_fastqc.html
[2022-11-17 15:33:07,024] multiqc                                            [DEBUG  ]  File ignored by rseqc/read_distribution because it exceeded search pattern filesize limit: SRR2042593_fastqc.html
[2022-11-17 15:33:07,024] multiqc                                            [DEBUG  ]  File ignored by rseqc/infer_experiment because it exceeded search pattern filesize limit: SRR2042593_fastqc.html
[2022-11-17 15:33:07,127] multiqc                                            [DEBUG  ]  File ignored by hicexplorer because it exceeded search pattern filesize limit: SRR2042591_fastqc.html
[2022-11-17 15:33:07,132] multiqc                                            [DEBUG  ]  File ignored by longranger/invocation because it exceeded search pattern filesize limit: SRR2042591_fastqc.html
[2022-11-17 15:33:07,132] multiqc                                            [DEBUG  ]  File ignored by rockhopper because it exceeded search pattern filesize limit: SRR2042591_fastqc.html
[2022-11-17 15:33:07,133] multiqc                                            [DEBUG  ]  File ignored by rseqc/bam_stat because it exceeded search pattern filesize limit: SRR2042591_fastqc.html
[2022-11-17 15:33:07,133] multiqc                                            [DEBUG  ]  File ignored by rseqc/junction_annotation because it exceeded search pattern filesize limit: SRR2042591_fastqc.html
[2022-11-17 15:33:07,133] multiqc                                            [DEBUG  ]  File ignored by rseqc/read_distribution because it exceeded search pattern filesize limit: SRR2042591_fastqc.html
[2022-11-17 15:33:07,133] multiqc                                            [DEBUG  ]  File ignored by rseqc/infer_experiment because it exceeded search pattern filesize limit: SRR2042591_fastqc.html
[2022-11-17 15:33:07,247] multiqc                                            [DEBUG  ]  File ignored by hicexplorer because it exceeded search pattern filesize limit: SRR2042597_fastqc.html
[2022-11-17 15:33:07,250] multiqc                                            [DEBUG  ]  File ignored by longranger/invocation because it exceeded search pattern filesize limit: SRR2042597_fastqc.html
[2022-11-17 15:33:07,250] multiqc                                            [DEBUG  ]  File ignored by rockhopper because it exceeded search pattern filesize limit: SRR2042597_fastqc.html
[2022-11-17 15:33:07,250] multiqc                                            [DEBUG  ]  File ignored by rseqc/bam_stat because it exceeded search pattern filesize limit: SRR2042597_fastqc.html
[2022-11-17 15:33:07,250] multiqc                                            [DEBUG  ]  File ignored by rseqc/junction_annotation because it exceeded search pattern filesize limit: SRR2042597_fastqc.html
[2022-11-17 15:33:07,251] multiqc                                            [DEBUG  ]  File ignored by rseqc/read_distribution because it exceeded search pattern filesize limit: SRR2042597_fastqc.html
[2022-11-17 15:33:07,251] multiqc                                            [DEBUG  ]  File ignored by rseqc/infer_experiment because it exceeded search pattern filesize limit: SRR2042597_fastqc.html
[2022-11-17 15:33:07,368] multiqc                                            [DEBUG  ]  File ignored by hicexplorer because it exceeded search pattern filesize limit: SRR2042583_fastqc.html
[2022-11-17 15:33:07,371] multiqc                                            [DEBUG  ]  File ignored by longranger/invocation because it exceeded search pattern filesize limit: SRR2042583_fastqc.html
[2022-11-17 15:33:07,372] multiqc                                            [DEBUG  ]  File ignored by rockhopper because it exceeded search pattern filesize limit: SRR2042583_fastqc.html
[2022-11-17 15:33:07,372] multiqc                                            [DEBUG  ]  File ignored by rseqc/bam_stat because it exceeded search pattern filesize limit: SRR2042583_fastqc.html
[2022-11-17 15:33:07,372] multiqc                                            [DEBUG  ]  File ignored by rseqc/junction_annotation because it exceeded search pattern filesize limit: SRR2042583_fastqc.html
[2022-11-17 15:33:07,372] multiqc                                            [DEBUG  ]  File ignored by rseqc/read_distribution because it exceeded search pattern filesize limit: SRR2042583_fastqc.html
[2022-11-17 15:33:07,372] multiqc                                            [DEBUG  ]  File ignored by rseqc/infer_experiment because it exceeded search pattern filesize limit: SRR2042583_fastqc.html
[2022-11-17 15:33:07,475] multiqc                                            [DEBUG  ]  File ignored by hicexplorer because it exceeded search pattern filesize limit: SRR2042588_fastqc.html
[2022-11-17 15:33:07,477] multiqc                                            [DEBUG  ]  File ignored by longranger/invocation because it exceeded search pattern filesize limit: SRR2042588_fastqc.html
[2022-11-17 15:33:07,477] multiqc                                            [DEBUG  ]  File ignored by rockhopper because it exceeded search pattern filesize limit: SRR2042588_fastqc.html
[2022-11-17 15:33:07,477] multiqc                                            [DEBUG  ]  File ignored by rseqc/bam_stat because it exceeded search pattern filesize limit: SRR2042588_fastqc.html
[2022-11-17 15:33:07,477] multiqc                                            [DEBUG  ]  File ignored by rseqc/junction_annotation because it exceeded search pattern filesize limit: SRR2042588_fastqc.html
[2022-11-17 15:33:07,477] multiqc                                            [DEBUG  ]  File ignored by rseqc/read_distribution because it exceeded search pattern filesize limit: SRR2042588_fastqc.html
[2022-11-17 15:33:07,477] multiqc                                            [DEBUG  ]  File ignored by rseqc/infer_experiment because it exceeded search pattern filesize limit: SRR2042588_fastqc.html
[2022-11-17 15:33:07,609] multiqc                                            [DEBUG  ]  File ignored by hicexplorer because it exceeded search pattern filesize limit: SRR2042582_fastqc.html
[2022-11-17 15:33:07,611] multiqc                                            [DEBUG  ]  File ignored by longranger/invocation because it exceeded search pattern filesize limit: SRR2042582_fastqc.html
[2022-11-17 15:33:07,611] multiqc                                            [DEBUG  ]  File ignored by rockhopper because it exceeded search pattern filesize limit: SRR2042582_fastqc.html
[2022-11-17 15:33:07,611] multiqc                                            [DEBUG  ]  File ignored by rseqc/bam_stat because it exceeded search pattern filesize limit: SRR2042582_fastqc.html
[2022-11-17 15:33:07,611] multiqc                                            [DEBUG  ]  File ignored by rseqc/junction_annotation because it exceeded search pattern filesize limit: SRR2042582_fastqc.html
[2022-11-17 15:33:07,611] multiqc                                            [DEBUG  ]  File ignored by rseqc/read_distribution because it exceeded search pattern filesize limit: SRR2042582_fastqc.html
[2022-11-17 15:33:07,611] multiqc                                            [DEBUG  ]  File ignored by rseqc/infer_experiment because it exceeded search pattern filesize limit: SRR2042582_fastqc.html
[2022-11-17 15:33:07,727] multiqc                                            [DEBUG  ]  File ignored by hicexplorer because it exceeded search pattern filesize limit: SRR2042580_fastqc.html
[2022-11-17 15:33:07,729] multiqc                                            [DEBUG  ]  File ignored by longranger/invocation because it exceeded search pattern filesize limit: SRR2042580_fastqc.html
[2022-11-17 15:33:07,729] multiqc                                            [DEBUG  ]  File ignored by rockhopper because it exceeded search pattern filesize limit: SRR2042580_fastqc.html
[2022-11-17 15:33:07,729] multiqc                                            [DEBUG  ]  File ignored by rseqc/bam_stat because it exceeded search pattern filesize limit: SRR2042580_fastqc.html
[2022-11-17 15:33:07,729] multiqc                                            [DEBUG  ]  File ignored by rseqc/junction_annotation because it exceeded search pattern filesize limit: SRR2042580_fastqc.html
[2022-11-17 15:33:07,729] multiqc                                            [DEBUG  ]  File ignored by rseqc/read_distribution because it exceeded search pattern filesize limit: SRR2042580_fastqc.html
[2022-11-17 15:33:07,729] multiqc                                            [DEBUG  ]  File ignored by rseqc/infer_experiment because it exceeded search pattern filesize limit: SRR2042580_fastqc.html
[2022-11-17 15:33:07,829] multiqc                                            [DEBUG  ]  File ignored by hicexplorer because it exceeded search pattern filesize limit: SRR2042587_fastqc.html
[2022-11-17 15:33:07,831] multiqc                                            [DEBUG  ]  File ignored by longranger/invocation because it exceeded search pattern filesize limit: SRR2042587_fastqc.html
[2022-11-17 15:33:07,831] multiqc                                            [DEBUG  ]  File ignored by rockhopper because it exceeded search pattern filesize limit: SRR2042587_fastqc.html
[2022-11-17 15:33:07,832] multiqc                                            [DEBUG  ]  File ignored by rseqc/bam_stat because it exceeded search pattern filesize limit: SRR2042587_fastqc.html
[2022-11-17 15:33:07,832] multiqc                                            [DEBUG  ]  File ignored by rseqc/junction_annotation because it exceeded search pattern filesize limit: SRR2042587_fastqc.html
[2022-11-17 15:33:07,832] multiqc                                            [DEBUG  ]  File ignored by rseqc/read_distribution because it exceeded search pattern filesize limit: SRR2042587_fastqc.html
[2022-11-17 15:33:07,832] multiqc                                            [DEBUG  ]  File ignored by rseqc/infer_experiment because it exceeded search pattern filesize limit: SRR2042587_fastqc.html
[2022-11-17 15:33:07,953] multiqc                                            [DEBUG  ]  File ignored by hicexplorer because it exceeded search pattern filesize limit: SRR2042589_fastqc.html
[2022-11-17 15:33:07,955] multiqc                                            [DEBUG  ]  File ignored by longranger/invocation because it exceeded search pattern filesize limit: SRR2042589_fastqc.html
[2022-11-17 15:33:07,956] multiqc                                            [DEBUG  ]  File ignored by rockhopper because it exceeded search pattern filesize limit: SRR2042589_fastqc.html
[2022-11-17 15:33:07,956] multiqc                                            [DEBUG  ]  File ignored by rseqc/bam_stat because it exceeded search pattern filesize limit: SRR2042589_fastqc.html
[2022-11-17 15:33:07,956] multiqc                                            [DEBUG  ]  File ignored by rseqc/junction_annotation because it exceeded search pattern filesize limit: SRR2042589_fastqc.html
[2022-11-17 15:33:07,956] multiqc                                            [DEBUG  ]  File ignored by rseqc/read_distribution because it exceeded search pattern filesize limit: SRR2042589_fastqc.html
[2022-11-17 15:33:07,956] multiqc                                            [DEBUG  ]  File ignored by rseqc/infer_experiment because it exceeded search pattern filesize limit: SRR2042589_fastqc.html
[2022-11-17 15:33:08,070] multiqc                                            [DEBUG  ]  File ignored by hicexplorer because it exceeded search pattern filesize limit: SRR2042581_fastqc.html
[2022-11-17 15:33:08,073] multiqc                                            [DEBUG  ]  File ignored by longranger/invocation because it exceeded search pattern filesize limit: SRR2042581_fastqc.html
[2022-11-17 15:33:08,073] multiqc                                            [DEBUG  ]  File ignored by rockhopper because it exceeded search pattern filesize limit: SRR2042581_fastqc.html
[2022-11-17 15:33:08,073] multiqc                                            [DEBUG  ]  File ignored by rseqc/bam_stat because it exceeded search pattern filesize limit: SRR2042581_fastqc.html
[2022-11-17 15:33:08,073] multiqc                                            [DEBUG  ]  File ignored by rseqc/junction_annotation because it exceeded search pattern filesize limit: SRR2042581_fastqc.html
[2022-11-17 15:33:08,073] multiqc                                            [DEBUG  ]  File ignored by rseqc/read_distribution because it exceeded search pattern filesize limit: SRR2042581_fastqc.html
[2022-11-17 15:33:08,074] multiqc                                            [DEBUG  ]  File ignored by rseqc/infer_experiment because it exceeded search pattern filesize limit: SRR2042581_fastqc.html
[2022-11-17 15:33:08,175] multiqc                                            [DEBUG  ]  File ignored by hicexplorer because it exceeded search pattern filesize limit: SRR2042585_fastqc.html
[2022-11-17 15:33:08,178] multiqc                                            [DEBUG  ]  File ignored by longranger/invocation because it exceeded search pattern filesize limit: SRR2042585_fastqc.html
[2022-11-17 15:33:08,178] multiqc                                            [DEBUG  ]  File ignored by rockhopper because it exceeded search pattern filesize limit: SRR2042585_fastqc.html
[2022-11-17 15:33:08,178] multiqc                                            [DEBUG  ]  File ignored by rseqc/bam_stat because it exceeded search pattern filesize limit: SRR2042585_fastqc.html
[2022-11-17 15:33:08,178] multiqc                                            [DEBUG  ]  File ignored by rseqc/junction_annotation because it exceeded search pattern filesize limit: SRR2042585_fastqc.html
[2022-11-17 15:33:08,178] multiqc                                            [DEBUG  ]  File ignored by rseqc/read_distribution because it exceeded search pattern filesize limit: SRR2042585_fastqc.html
[2022-11-17 15:33:08,178] multiqc                                            [DEBUG  ]  File ignored by rseqc/infer_experiment because it exceeded search pattern filesize limit: SRR2042585_fastqc.html
[2022-11-17 15:33:08,273] multiqc                                            [DEBUG  ]  File ignored by hicexplorer because it exceeded search pattern filesize limit: SRR2042590_fastqc.html
[2022-11-17 15:33:08,275] multiqc                                            [DEBUG  ]  File ignored by longranger/invocation because it exceeded search pattern filesize limit: SRR2042590_fastqc.html
[2022-11-17 15:33:08,275] multiqc                                            [DEBUG  ]  File ignored by rockhopper because it exceeded search pattern filesize limit: SRR2042590_fastqc.html
[2022-11-17 15:33:08,275] multiqc                                            [DEBUG  ]  File ignored by rseqc/bam_stat because it exceeded search pattern filesize limit: SRR2042590_fastqc.html
[2022-11-17 15:33:08,275] multiqc                                            [DEBUG  ]  File ignored by rseqc/junction_annotation because it exceeded search pattern filesize limit: SRR2042590_fastqc.html
[2022-11-17 15:33:08,275] multiqc                                            [DEBUG  ]  File ignored by rseqc/read_distribution because it exceeded search pattern filesize limit: SRR2042590_fastqc.html
[2022-11-17 15:33:08,275] multiqc                                            [DEBUG  ]  File ignored by rseqc/infer_experiment because it exceeded search pattern filesize limit: SRR2042590_fastqc.html
[2022-11-17 15:33:08,375] multiqc                                            [DEBUG  ]  File ignored by hicexplorer because it exceeded search pattern filesize limit: SRR2042596_fastqc.html
[2022-11-17 15:33:08,378] multiqc                                            [DEBUG  ]  File ignored by longranger/invocation because it exceeded search pattern filesize limit: SRR2042596_fastqc.html
[2022-11-17 15:33:08,378] multiqc                                            [DEBUG  ]  File ignored by rockhopper because it exceeded search pattern filesize limit: SRR2042596_fastqc.html
[2022-11-17 15:33:08,378] multiqc                                            [DEBUG  ]  File ignored by rseqc/bam_stat because it exceeded search pattern filesize limit: SRR2042596_fastqc.html
[2022-11-17 15:33:08,378] multiqc                                            [DEBUG  ]  File ignored by rseqc/junction_annotation because it exceeded search pattern filesize limit: SRR2042596_fastqc.html
[2022-11-17 15:33:08,378] multiqc                                            [DEBUG  ]  File ignored by rseqc/read_distribution because it exceeded search pattern filesize limit: SRR2042596_fastqc.html
[2022-11-17 15:33:08,378] multiqc                                            [DEBUG  ]  File ignored by rseqc/infer_experiment because it exceeded search pattern filesize limit: SRR2042596_fastqc.html
[2022-11-17 15:33:11,031] multiqc.plots.bargraph                             [DEBUG  ]  Using matplotlib version 3.2.1
[2022-11-17 15:33:11,048] multiqc.plots.linegraph                            [DEBUG  ]  Using matplotlib version 3.2.1
[2022-11-17 15:33:11,053] multiqc                                            [DEBUG  ]  No samples found: custom_content
[2022-11-17 15:33:11,064] multiqc                                            [DEBUG  ]  No samples found: conpair
[2022-11-17 15:33:11,085] multiqc                                            [DEBUG  ]  No samples found: peddy
[2022-11-17 15:33:11,111] multiqc                                            [DEBUG  ]  No samples found: somalier
[2022-11-17 15:33:11,133] multiqc                                            [DEBUG  ]  No samples found: methylQA
[2022-11-17 15:33:11,167] multiqc                                            [DEBUG  ]  No samples found: mosdepth
[2022-11-17 15:33:11,179] multiqc                                            [DEBUG  ]  No samples found: phantompeakqualtools
[2022-11-17 15:33:11,204] multiqc                                            [DEBUG  ]  No samples found: qualimap
[2022-11-17 15:33:11,225] multiqc                                            [DEBUG  ]  No samples found: preseq
[2022-11-17 15:33:11,247] multiqc                                            [DEBUG  ]  No samples found: quast
[2022-11-17 15:33:11,265] multiqc                                            [DEBUG  ]  No samples found: qorts
[2022-11-17 15:33:11,282] multiqc                                            [DEBUG  ]  No samples found: rna_seqc
[2022-11-17 15:33:11,311] multiqc                                            [DEBUG  ]  No samples found: rockhopper
[2022-11-17 15:33:11,335] multiqc                                            [DEBUG  ]  No samples found: rsem
[2022-11-17 15:33:11,361] multiqc                                            [DEBUG  ]  No samples found: rseqc
[2022-11-17 15:33:11,369] multiqc                                            [DEBUG  ]  No samples found: busco
[2022-11-17 15:33:11,385] multiqc                                            [DEBUG  ]  No samples found: goleft_indexcov
[2022-11-17 15:33:11,394] multiqc                                            [DEBUG  ]  No samples found: disambiguate
[2022-11-17 15:33:11,429] multiqc                                            [DEBUG  ]  No samples found: supernova
[2022-11-17 15:33:11,521] multiqc                                            [DEBUG  ]  No samples found: deeptools
[2022-11-17 15:33:11,545] multiqc                                            [DEBUG  ]  No samples found: sargasso
[2022-11-17 15:33:11,581] multiqc                                            [DEBUG  ]  No samples found: verifybamid
[2022-11-17 15:33:11,664] multiqc                                            [DEBUG  ]  No samples found: mirtrace
[2022-11-17 15:33:11,689] multiqc                                            [DEBUG  ]  No samples found: happy
[2022-11-17 15:33:11,707] multiqc                                            [DEBUG  ]  No samples found: mirtop
[2022-11-17 15:33:11,736] multiqc                                            [DEBUG  ]  No samples found: homer
[2022-11-17 15:33:11,756] multiqc                                            [DEBUG  ]  No samples found: macs2
[2022-11-17 15:33:11,766] multiqc                                            [DEBUG  ]  No samples found: theta2
[2022-11-17 15:33:11,793] multiqc                                            [DEBUG  ]  No samples found: snpeff
[2022-11-17 15:33:11,839] multiqc                                            [DEBUG  ]  No samples found: gatk
[2022-11-17 15:33:11,898] multiqc                                            [DEBUG  ]  No samples found: htseq
[2022-11-17 15:33:11,920] multiqc                                            [DEBUG  ]  No samples found: bcftools
[2022-11-17 15:33:11,942] multiqc                                            [DEBUG  ]  No samples found: featureCounts
[2022-11-17 15:33:11,962] multiqc                                            [DEBUG  ]  No samples found: fgbio
[2022-11-17 15:33:12,064] multiqc                                            [DEBUG  ]  No samples found: dragen
[2022-11-17 15:33:12,077] multiqc                                            [DEBUG  ]  No samples found: dedup
[2022-11-17 15:33:12,096] multiqc                                            [DEBUG  ]  No samples found: damageprofiler
[2022-11-17 15:33:12,271] multiqc                                            [DEBUG  ]  No samples found: biobambam2
[2022-11-17 15:33:12,278] multiqc                                            [DEBUG  ]  No samples found: mtnucratio
[2022-11-17 15:33:12,283] multiqc                                            [DEBUG  ]  No samples found: picard
[2022-11-17 15:33:12,320] multiqc                                            [DEBUG  ]  No samples found: prokka
[2022-11-17 15:33:12,333] multiqc                                            [DEBUG  ]  No samples found: samblaster
[2022-11-17 15:33:12,430] multiqc                                            [DEBUG  ]  No samples found: samtools
[2022-11-17 15:33:12,457] multiqc                                            [DEBUG  ]  No samples found: sexdeterrmine
[2022-11-17 15:33:12,470] multiqc                                            [DEBUG  ]  No samples found: bamtools
[2022-11-17 15:33:12,477] multiqc                                            [DEBUG  ]  No samples found: jellyfish
[2022-11-17 15:33:12,490] multiqc                                            [DEBUG  ]  No samples found: vcftools
[2022-11-17 15:33:12,510] multiqc                                            [DEBUG  ]  No samples found: longranger
[2022-11-17 15:33:12,540] multiqc                                            [DEBUG  ]  No samples found: stacks
[2022-11-17 15:33:12,558] multiqc                                            [DEBUG  ]  No samples found: varscan2
[2022-11-17 15:33:12,607] multiqc                                            [DEBUG  ]  No samples found: bbmap
[2022-11-17 15:33:12,628] multiqc                                            [DEBUG  ]  No samples found: bismark
[2022-11-17 15:33:12,666] multiqc                                            [DEBUG  ]  No samples found: biscuit
[2022-11-17 15:33:12,694] multiqc                                            [DEBUG  ]  No samples found: hicexplorer
[2022-11-17 15:33:12,720] multiqc                                            [DEBUG  ]  No samples found: hicup
[2022-11-17 15:33:12,744] multiqc                                            [DEBUG  ]  No samples found: hicpro
[2022-11-17 15:33:12,750] multiqc                                            [DEBUG  ]  No samples found: salmon
[2022-11-17 15:33:12,896] multiqc                                            [DEBUG  ]  No samples found: kallisto
[2022-11-17 15:33:12,926] multiqc                                            [DEBUG  ]  No samples found: slamdunk
[2022-11-17 15:33:12,936] multiqc                                            [DEBUG  ]  No samples found: star
[2022-11-17 15:33:12,958] multiqc                                            [DEBUG  ]  No samples found: hisat2
[2022-11-17 15:33:12,976] multiqc                                            [DEBUG  ]  No samples found: tophat
[2022-11-17 15:33:13,005] multiqc                                            [DEBUG  ]  No samples found: bowtie2
[2022-11-17 15:33:13,028] multiqc                                            [DEBUG  ]  No samples found: bowtie1
[2022-11-17 15:33:13,076] multiqc                                            [DEBUG  ]  No samples found: snpsplit
[2022-11-17 15:33:13,084] multiqc                                            [DEBUG  ]  No samples found: kat
[2022-11-17 15:33:13,094] multiqc                                            [DEBUG  ]  No samples found: leehom
[2022-11-17 15:33:13,122] multiqc                                            [DEBUG  ]  No samples found: adapterRemoval
[2022-11-17 15:33:13,133] multiqc                                            [DEBUG  ]  No samples found: clipandmerge
[2022-11-17 15:33:13,154] multiqc                                            [DEBUG  ]  No samples found: cutadapt
[2022-11-17 15:33:13,163] multiqc                                            [DEBUG  ]  No samples found: flexbar
[2022-11-17 15:33:13,197] multiqc                                            [DEBUG  ]  No samples found: kaiju
[2022-11-17 15:33:13,223] multiqc                                            [DEBUG  ]  No samples found: kraken
[2022-11-17 15:33:13,256] multiqc                                            [DEBUG  ]  No samples found: malt
[2022-11-17 15:33:13,283] multiqc                                            [DEBUG  ]  No samples found: trimmomatic
[2022-11-17 15:33:13,301] multiqc                                            [DEBUG  ]  No samples found: sickle
[2022-11-17 15:33:13,321] multiqc                                            [DEBUG  ]  No samples found: skewer
[2022-11-17 15:33:13,329] multiqc                                            [DEBUG  ]  No samples found: sortmerna
[2022-11-17 15:33:13,341] multiqc                                            [DEBUG  ]  No samples found: biobloomtools
[2022-11-17 15:33:13,368] multiqc                                            [DEBUG  ]  No samples found: fastq_screen
[2022-11-17 15:33:13,398] multiqc                                            [DEBUG  ]  No samples found: afterqc
[2022-11-17 15:33:13,428] multiqc                                            [DEBUG  ]  No samples found: fastp
[2022-11-17 15:33:14,622] multiqc.modules.fastqc.fastqc                      [INFO   ]  Found 18 reports
[2022-11-17 15:33:14,811] multiqc                                            [DEBUG  ]  No samples found: pycoqc
[2022-11-17 15:33:14,837] multiqc                                            [DEBUG  ]  No samples found: minionqc
[2022-11-17 15:33:14,856] multiqc                                            [DEBUG  ]  No samples found: multivcfanalyzer
[2022-11-17 15:33:14,881] multiqc                                            [DEBUG  ]  No samples found: clusterflow
[2022-11-17 15:33:14,889] multiqc                                            [DEBUG  ]  No samples found: bcl2fastq
[2022-11-17 15:33:14,915] multiqc                                            [DEBUG  ]  No samples found: interop
[2022-11-17 15:33:14,937] multiqc                                            [DEBUG  ]  No samples found: ivar
[2022-11-17 15:33:14,951] multiqc                                            [DEBUG  ]  No samples found: flash
[2022-11-17 15:33:14,963] multiqc                                            [DEBUG  ]  No samples found: seqyclean
[2022-11-17 15:33:14,985] multiqc                                            [INFO   ]  Compressing plot data
[2022-11-17 15:33:15,250] multiqc                                            [INFO   ]  Report      : multiqc_1/multiqc_report.html
[2022-11-17 15:33:15,250] multiqc                                            [INFO   ]  Data        : multiqc_1/multiqc_data
[2022-11-17 15:33:15,250] multiqc                                            [DEBUG  ]  Moving data file from '/tmp/tmpf8f7pt1u/multiqc_data' to 'multiqc_1/multiqc_data'
[2022-11-17 15:33:15,913] multiqc                                            [INFO   ]  MultiQC complete
