[2022-11-14 18:18:02,100] multiqc                                            [DEBUG  ]  No MultiQC config found: /kyukon/home/apps/RHEL8/haswell-ib/software/MultiQC/1.9-intel-2020a-Python-3.8.2/lib/python3.8/site-packages/multiqc_config.yaml
[2022-11-14 18:18:02,100] multiqc                                            [DEBUG  ]  No MultiQC config found: /user/gent/436/vsc43666/.multiqc_config.yaml
[2022-11-14 18:18:02,101] multiqc                                            [DEBUG  ]  No MultiQC config found: multiqc_config.yaml
[2022-11-14 18:18:02,101] multiqc                                            [DEBUG  ]  Command used: /apps/gent/RHEL8/haswell-ib/software/MultiQC/1.9-intel-2020a-Python-3.8.2/bin/multiqc .
[2022-11-14 18:18:02,336] multiqc                                            [WARNING]  MultiQC Version v1.13 now available!
[2022-11-14 18:18:02,338] multiqc                                            [INFO   ]  This is MultiQC v1.9
[2022-11-14 18:18:02,338] multiqc                                            [DEBUG  ]  Command     : /apps/gent/RHEL8/haswell-ib/software/MultiQC/1.9-intel-2020a-Python-3.8.2/bin/multiqc .
[2022-11-14 18:18:02,339] multiqc                                            [DEBUG  ]  Working dir : /kyukon/data/gent/vo/000/gvo00095/Courses/AHTA/Group11
[2022-11-14 18:18:02,339] multiqc                                            [INFO   ]  Template    : default
[2022-11-14 18:18:02,339] multiqc                                            [DEBUG  ]  Running Python 3.8.2 (default, Mar 12 2021, 19:27:03)  [GCC 9.3.0]
[2022-11-14 18:18:02,339] multiqc                                            [INFO   ]  Searching   : /kyukon/data/gent/vo/000/gvo00095/Courses/AHTA/Group11
[2022-11-14 18:18:02,340] multiqc                                            [DEBUG  ]  Analysing modules: custom_content, conpair, peddy, somalier, methylQA, mosdepth, phantompeakqualtools, qualimap, preseq, quast, qorts, rna_seqc, rockhopper, rsem, rseqc, busco, goleft_indexcov, disambiguate, supernova, deeptools, sargasso, verifybamid, mirtrace, happy, mirtop, homer, macs2, theta2, snpeff, gatk, htseq, bcftools, featureCounts, fgbio, dragen, dedup, damageprofiler, biobambam2, mtnucratio, picard, prokka, samblaster, samtools, sexdeterrmine, bamtools, jellyfish, vcftools, longranger, stacks, varscan2, bbmap, bismark, biscuit, hicexplorer, hicup, hicpro, salmon, kallisto, slamdunk, star, hisat2, tophat, bowtie2, bowtie1, snpsplit, kat, leehom, adapterRemoval, clipandmerge, cutadapt, flexbar, kaiju, kraken, malt, trimmomatic, sickle, skewer, sortmerna, biobloomtools, fastq_screen, afterqc, fastp, fastqc, pycoqc, minionqc, multivcfanalyzer, clusterflow, bcl2fastq, interop, ivar, flash, seqyclean
[2022-11-14 18:18:02,340] multiqc                                            [DEBUG  ]  Using temporary directory for creating report: /tmp/tmpy21_gbrx
[2022-11-14 18:18:02,568] multiqc                                            [DEBUG  ]  Ignoring file as matched an ignore pattern: Homo_sapiens.GRCh38.108.gtf
[2022-11-14 18:18:02,568] multiqc                                            [DEBUG  ]  Ignoring file as matched an ignore pattern: Homo_sapiens.fa
[2022-11-14 18:18:02,937] multiqc                                            [DEBUG  ]  File ignored by hicexplorer because it exceeded search pattern filesize limit: SRR058469_fastqc.html
[2022-11-14 18:18:02,939] multiqc                                            [DEBUG  ]  File ignored by longranger/invocation because it exceeded search pattern filesize limit: SRR058469_fastqc.html
[2022-11-14 18:18:02,939] multiqc                                            [DEBUG  ]  File ignored by rockhopper because it exceeded search pattern filesize limit: SRR058469_fastqc.html
[2022-11-14 18:18:02,939] multiqc                                            [DEBUG  ]  File ignored by rseqc/bam_stat because it exceeded search pattern filesize limit: SRR058469_fastqc.html
[2022-11-14 18:18:02,939] multiqc                                            [DEBUG  ]  File ignored by rseqc/junction_annotation because it exceeded search pattern filesize limit: SRR058469_fastqc.html
[2022-11-14 18:18:02,939] multiqc                                            [DEBUG  ]  File ignored by rseqc/read_distribution because it exceeded search pattern filesize limit: SRR058469_fastqc.html
[2022-11-14 18:18:02,940] multiqc                                            [DEBUG  ]  File ignored by rseqc/infer_experiment because it exceeded search pattern filesize limit: SRR058469_fastqc.html
[2022-11-14 18:18:03,010] multiqc                                            [DEBUG  ]  File ignored by hicexplorer because it exceeded search pattern filesize limit: SRR058468_fastqc.html
[2022-11-14 18:18:03,012] multiqc                                            [DEBUG  ]  File ignored by longranger/invocation because it exceeded search pattern filesize limit: SRR058468_fastqc.html
[2022-11-14 18:18:03,012] multiqc                                            [DEBUG  ]  File ignored by rockhopper because it exceeded search pattern filesize limit: SRR058468_fastqc.html
[2022-11-14 18:18:03,012] multiqc                                            [DEBUG  ]  File ignored by rseqc/bam_stat because it exceeded search pattern filesize limit: SRR058468_fastqc.html
[2022-11-14 18:18:03,013] multiqc                                            [DEBUG  ]  File ignored by rseqc/junction_annotation because it exceeded search pattern filesize limit: SRR058468_fastqc.html
[2022-11-14 18:18:03,013] multiqc                                            [DEBUG  ]  File ignored by rseqc/read_distribution because it exceeded search pattern filesize limit: SRR058468_fastqc.html
[2022-11-14 18:18:03,013] multiqc                                            [DEBUG  ]  File ignored by rseqc/infer_experiment because it exceeded search pattern filesize limit: SRR058468_fastqc.html
[2022-11-14 18:18:03,082] multiqc                                            [DEBUG  ]  File ignored by hicexplorer because it exceeded search pattern filesize limit: SRR058460_fastqc.html
[2022-11-14 18:18:03,084] multiqc                                            [DEBUG  ]  File ignored by longranger/invocation because it exceeded search pattern filesize limit: SRR058460_fastqc.html
[2022-11-14 18:18:03,084] multiqc                                            [DEBUG  ]  File ignored by rockhopper because it exceeded search pattern filesize limit: SRR058460_fastqc.html
[2022-11-14 18:18:03,084] multiqc                                            [DEBUG  ]  File ignored by rseqc/bam_stat because it exceeded search pattern filesize limit: SRR058460_fastqc.html
[2022-11-14 18:18:03,084] multiqc                                            [DEBUG  ]  File ignored by rseqc/junction_annotation because it exceeded search pattern filesize limit: SRR058460_fastqc.html
[2022-11-14 18:18:03,084] multiqc                                            [DEBUG  ]  File ignored by rseqc/read_distribution because it exceeded search pattern filesize limit: SRR058460_fastqc.html
[2022-11-14 18:18:03,085] multiqc                                            [DEBUG  ]  File ignored by rseqc/infer_experiment because it exceeded search pattern filesize limit: SRR058460_fastqc.html
[2022-11-14 18:18:03,154] multiqc                                            [DEBUG  ]  File ignored by hicexplorer because it exceeded search pattern filesize limit: SRR058466_fastqc.html
[2022-11-14 18:18:03,156] multiqc                                            [DEBUG  ]  File ignored by longranger/invocation because it exceeded search pattern filesize limit: SRR058466_fastqc.html
[2022-11-14 18:18:03,156] multiqc                                            [DEBUG  ]  File ignored by rockhopper because it exceeded search pattern filesize limit: SRR058466_fastqc.html
[2022-11-14 18:18:03,156] multiqc                                            [DEBUG  ]  File ignored by rseqc/bam_stat because it exceeded search pattern filesize limit: SRR058466_fastqc.html
[2022-11-14 18:18:03,157] multiqc                                            [DEBUG  ]  File ignored by rseqc/junction_annotation because it exceeded search pattern filesize limit: SRR058466_fastqc.html
[2022-11-14 18:18:03,157] multiqc                                            [DEBUG  ]  File ignored by rseqc/read_distribution because it exceeded search pattern filesize limit: SRR058466_fastqc.html
[2022-11-14 18:18:03,157] multiqc                                            [DEBUG  ]  File ignored by rseqc/infer_experiment because it exceeded search pattern filesize limit: SRR058466_fastqc.html
[2022-11-14 18:18:03,227] multiqc                                            [DEBUG  ]  File ignored by hicexplorer because it exceeded search pattern filesize limit: SRR058463_fastqc.html
[2022-11-14 18:18:03,229] multiqc                                            [DEBUG  ]  File ignored by longranger/invocation because it exceeded search pattern filesize limit: SRR058463_fastqc.html
[2022-11-14 18:18:03,229] multiqc                                            [DEBUG  ]  File ignored by rockhopper because it exceeded search pattern filesize limit: SRR058463_fastqc.html
[2022-11-14 18:18:03,229] multiqc                                            [DEBUG  ]  File ignored by rseqc/bam_stat because it exceeded search pattern filesize limit: SRR058463_fastqc.html
[2022-11-14 18:18:03,230] multiqc                                            [DEBUG  ]  File ignored by rseqc/junction_annotation because it exceeded search pattern filesize limit: SRR058463_fastqc.html
[2022-11-14 18:18:03,230] multiqc                                            [DEBUG  ]  File ignored by rseqc/read_distribution because it exceeded search pattern filesize limit: SRR058463_fastqc.html
[2022-11-14 18:18:03,230] multiqc                                            [DEBUG  ]  File ignored by rseqc/infer_experiment because it exceeded search pattern filesize limit: SRR058463_fastqc.html
[2022-11-14 18:18:03,300] multiqc                                            [DEBUG  ]  File ignored by hicexplorer because it exceeded search pattern filesize limit: SRR058464_fastqc.html
[2022-11-14 18:18:03,302] multiqc                                            [DEBUG  ]  File ignored by longranger/invocation because it exceeded search pattern filesize limit: SRR058464_fastqc.html
[2022-11-14 18:18:03,302] multiqc                                            [DEBUG  ]  File ignored by rockhopper because it exceeded search pattern filesize limit: SRR058464_fastqc.html
[2022-11-14 18:18:03,302] multiqc                                            [DEBUG  ]  File ignored by rseqc/bam_stat because it exceeded search pattern filesize limit: SRR058464_fastqc.html
[2022-11-14 18:18:03,302] multiqc                                            [DEBUG  ]  File ignored by rseqc/junction_annotation because it exceeded search pattern filesize limit: SRR058464_fastqc.html
[2022-11-14 18:18:03,302] multiqc                                            [DEBUG  ]  File ignored by rseqc/read_distribution because it exceeded search pattern filesize limit: SRR058464_fastqc.html
[2022-11-14 18:18:03,302] multiqc                                            [DEBUG  ]  File ignored by rseqc/infer_experiment because it exceeded search pattern filesize limit: SRR058464_fastqc.html
[2022-11-14 18:18:03,372] multiqc                                            [DEBUG  ]  File ignored by hicexplorer because it exceeded search pattern filesize limit: SRR058461_fastqc.html
[2022-11-14 18:18:03,374] multiqc                                            [DEBUG  ]  File ignored by longranger/invocation because it exceeded search pattern filesize limit: SRR058461_fastqc.html
[2022-11-14 18:18:03,374] multiqc                                            [DEBUG  ]  File ignored by rockhopper because it exceeded search pattern filesize limit: SRR058461_fastqc.html
[2022-11-14 18:18:03,374] multiqc                                            [DEBUG  ]  File ignored by rseqc/bam_stat because it exceeded search pattern filesize limit: SRR058461_fastqc.html
[2022-11-14 18:18:03,374] multiqc                                            [DEBUG  ]  File ignored by rseqc/junction_annotation because it exceeded search pattern filesize limit: SRR058461_fastqc.html
[2022-11-14 18:18:03,374] multiqc                                            [DEBUG  ]  File ignored by rseqc/read_distribution because it exceeded search pattern filesize limit: SRR058461_fastqc.html
[2022-11-14 18:18:03,374] multiqc                                            [DEBUG  ]  File ignored by rseqc/infer_experiment because it exceeded search pattern filesize limit: SRR058461_fastqc.html
[2022-11-14 18:18:03,444] multiqc                                            [DEBUG  ]  File ignored by hicexplorer because it exceeded search pattern filesize limit: SRR058462_fastqc.html
[2022-11-14 18:18:03,447] multiqc                                            [DEBUG  ]  File ignored by longranger/invocation because it exceeded search pattern filesize limit: SRR058462_fastqc.html
[2022-11-14 18:18:03,447] multiqc                                            [DEBUG  ]  File ignored by rockhopper because it exceeded search pattern filesize limit: SRR058462_fastqc.html
[2022-11-14 18:18:03,447] multiqc                                            [DEBUG  ]  File ignored by rseqc/bam_stat because it exceeded search pattern filesize limit: SRR058462_fastqc.html
[2022-11-14 18:18:03,447] multiqc                                            [DEBUG  ]  File ignored by rseqc/junction_annotation because it exceeded search pattern filesize limit: SRR058462_fastqc.html
[2022-11-14 18:18:03,447] multiqc                                            [DEBUG  ]  File ignored by rseqc/read_distribution because it exceeded search pattern filesize limit: SRR058462_fastqc.html
[2022-11-14 18:18:03,447] multiqc                                            [DEBUG  ]  File ignored by rseqc/infer_experiment because it exceeded search pattern filesize limit: SRR058462_fastqc.html
[2022-11-14 18:18:03,517] multiqc                                            [DEBUG  ]  File ignored by hicexplorer because it exceeded search pattern filesize limit: SRR058467_fastqc.html
[2022-11-14 18:18:03,519] multiqc                                            [DEBUG  ]  File ignored by longranger/invocation because it exceeded search pattern filesize limit: SRR058467_fastqc.html
[2022-11-14 18:18:03,519] multiqc                                            [DEBUG  ]  File ignored by rockhopper because it exceeded search pattern filesize limit: SRR058467_fastqc.html
[2022-11-14 18:18:03,519] multiqc                                            [DEBUG  ]  File ignored by rseqc/bam_stat because it exceeded search pattern filesize limit: SRR058467_fastqc.html
[2022-11-14 18:18:03,519] multiqc                                            [DEBUG  ]  File ignored by rseqc/junction_annotation because it exceeded search pattern filesize limit: SRR058467_fastqc.html
[2022-11-14 18:18:03,519] multiqc                                            [DEBUG  ]  File ignored by rseqc/read_distribution because it exceeded search pattern filesize limit: SRR058467_fastqc.html
[2022-11-14 18:18:03,520] multiqc                                            [DEBUG  ]  File ignored by rseqc/infer_experiment because it exceeded search pattern filesize limit: SRR058467_fastqc.html
[2022-11-14 18:18:03,591] multiqc                                            [DEBUG  ]  File ignored by hicexplorer because it exceeded search pattern filesize limit: SRR058465_fastqc.html
[2022-11-14 18:18:03,594] multiqc                                            [DEBUG  ]  File ignored by longranger/invocation because it exceeded search pattern filesize limit: SRR058465_fastqc.html
[2022-11-14 18:18:03,594] multiqc                                            [DEBUG  ]  File ignored by rockhopper because it exceeded search pattern filesize limit: SRR058465_fastqc.html
[2022-11-14 18:18:03,594] multiqc                                            [DEBUG  ]  File ignored by rseqc/bam_stat because it exceeded search pattern filesize limit: SRR058465_fastqc.html
[2022-11-14 18:18:03,594] multiqc                                            [DEBUG  ]  File ignored by rseqc/junction_annotation because it exceeded search pattern filesize limit: SRR058465_fastqc.html
[2022-11-14 18:18:03,594] multiqc                                            [DEBUG  ]  File ignored by rseqc/read_distribution because it exceeded search pattern filesize limit: SRR058465_fastqc.html
[2022-11-14 18:18:03,594] multiqc                                            [DEBUG  ]  File ignored by rseqc/infer_experiment because it exceeded search pattern filesize limit: SRR058465_fastqc.html
[2022-11-14 18:18:04,806] multiqc.plots.bargraph                             [DEBUG  ]  Using matplotlib version 3.2.1
[2022-11-14 18:18:04,807] multiqc.plots.linegraph                            [DEBUG  ]  Using matplotlib version 3.2.1
[2022-11-14 18:18:04,810] multiqc                                            [DEBUG  ]  No samples found: custom_content
[2022-11-14 18:18:04,821] multiqc                                            [DEBUG  ]  No samples found: conpair
[2022-11-14 18:18:04,858] multiqc                                            [DEBUG  ]  No samples found: peddy
[2022-11-14 18:18:04,874] multiqc                                            [DEBUG  ]  No samples found: somalier
[2022-11-14 18:18:04,882] multiqc                                            [DEBUG  ]  No samples found: methylQA
[2022-11-14 18:18:04,896] multiqc                                            [DEBUG  ]  No samples found: mosdepth
[2022-11-14 18:18:04,905] multiqc                                            [DEBUG  ]  No samples found: phantompeakqualtools
[2022-11-14 18:18:04,912] multiqc                                            [DEBUG  ]  No samples found: qualimap
[2022-11-14 18:18:04,921] multiqc                                            [DEBUG  ]  No samples found: preseq
[2022-11-14 18:18:04,931] multiqc                                            [DEBUG  ]  No samples found: quast
[2022-11-14 18:18:04,956] multiqc                                            [DEBUG  ]  No samples found: qorts
[2022-11-14 18:18:04,965] multiqc                                            [DEBUG  ]  No samples found: rna_seqc
[2022-11-14 18:18:04,991] multiqc                                            [DEBUG  ]  No samples found: rockhopper
[2022-11-14 18:18:05,000] multiqc                                            [DEBUG  ]  No samples found: rsem
[2022-11-14 18:18:05,019] multiqc                                            [DEBUG  ]  No samples found: rseqc
[2022-11-14 18:18:05,028] multiqc                                            [DEBUG  ]  No samples found: busco
[2022-11-14 18:18:05,037] multiqc                                            [DEBUG  ]  No samples found: goleft_indexcov
[2022-11-14 18:18:05,046] multiqc                                            [DEBUG  ]  No samples found: disambiguate
[2022-11-14 18:18:05,055] multiqc                                            [DEBUG  ]  No samples found: supernova
[2022-11-14 18:18:05,115] multiqc                                            [DEBUG  ]  No samples found: deeptools
[2022-11-14 18:18:05,127] multiqc                                            [DEBUG  ]  No samples found: sargasso
[2022-11-14 18:18:05,136] multiqc                                            [DEBUG  ]  No samples found: verifybamid
[2022-11-14 18:18:05,144] multiqc                                            [DEBUG  ]  No samples found: mirtrace
[2022-11-14 18:18:05,154] multiqc                                            [DEBUG  ]  No samples found: happy
[2022-11-14 18:18:05,163] multiqc                                            [DEBUG  ]  No samples found: mirtop
[2022-11-14 18:18:05,175] multiqc                                            [DEBUG  ]  No samples found: homer
[2022-11-14 18:18:05,208] multiqc                                            [DEBUG  ]  No samples found: macs2
[2022-11-14 18:18:05,218] multiqc                                            [DEBUG  ]  No samples found: theta2
[2022-11-14 18:18:05,246] multiqc                                            [DEBUG  ]  No samples found: snpeff
[2022-11-14 18:18:05,258] multiqc                                            [DEBUG  ]  No samples found: gatk
[2022-11-14 18:18:05,288] multiqc                                            [DEBUG  ]  No samples found: htseq
[2022-11-14 18:18:05,299] multiqc                                            [DEBUG  ]  No samples found: bcftools
[2022-11-14 18:18:05,308] multiqc                                            [DEBUG  ]  No samples found: featureCounts
[2022-11-14 18:18:05,319] multiqc                                            [DEBUG  ]  No samples found: fgbio
[2022-11-14 18:18:05,404] multiqc                                            [DEBUG  ]  No samples found: dragen
[2022-11-14 18:18:05,424] multiqc                                            [DEBUG  ]  No samples found: dedup
[2022-11-14 18:18:05,450] multiqc                                            [DEBUG  ]  No samples found: damageprofiler
[2022-11-14 18:18:05,635] multiqc                                            [DEBUG  ]  No samples found: biobambam2
[2022-11-14 18:18:05,645] multiqc                                            [DEBUG  ]  No samples found: mtnucratio
[2022-11-14 18:18:05,651] multiqc                                            [DEBUG  ]  No samples found: picard
[2022-11-14 18:18:05,660] multiqc                                            [DEBUG  ]  No samples found: prokka
[2022-11-14 18:18:05,672] multiqc                                            [DEBUG  ]  No samples found: samblaster
[2022-11-14 18:18:05,698] multiqc                                            [DEBUG  ]  No samples found: samtools
[2022-11-14 18:18:05,707] multiqc                                            [DEBUG  ]  No samples found: sexdeterrmine
[2022-11-14 18:18:05,716] multiqc                                            [DEBUG  ]  No samples found: bamtools
[2022-11-14 18:18:05,726] multiqc                                            [DEBUG  ]  No samples found: jellyfish
[2022-11-14 18:18:05,741] multiqc                                            [DEBUG  ]  No samples found: vcftools
[2022-11-14 18:18:05,750] multiqc                                            [DEBUG  ]  No samples found: longranger
[2022-11-14 18:18:05,759] multiqc                                            [DEBUG  ]  No samples found: stacks
[2022-11-14 18:18:05,767] multiqc                                            [DEBUG  ]  No samples found: varscan2
[2022-11-14 18:18:05,793] multiqc                                            [DEBUG  ]  No samples found: bbmap
[2022-11-14 18:18:05,802] multiqc                                            [DEBUG  ]  No samples found: bismark
[2022-11-14 18:18:05,820] multiqc                                            [DEBUG  ]  No samples found: biscuit
[2022-11-14 18:18:05,829] multiqc                                            [DEBUG  ]  No samples found: hicexplorer
[2022-11-14 18:18:05,838] multiqc                                            [DEBUG  ]  No samples found: hicup
[2022-11-14 18:18:05,848] multiqc                                            [DEBUG  ]  No samples found: hicpro
[2022-11-14 18:18:05,857] multiqc                                            [DEBUG  ]  No samples found: salmon
[2022-11-14 18:18:05,887] multiqc                                            [DEBUG  ]  No samples found: kallisto
[2022-11-14 18:18:05,896] multiqc                                            [DEBUG  ]  No samples found: slamdunk
[2022-11-14 18:18:05,920] multiqc                                            [DEBUG  ]  No samples found: star
[2022-11-14 18:18:05,929] multiqc                                            [DEBUG  ]  No samples found: hisat2
[2022-11-14 18:18:05,939] multiqc                                            [DEBUG  ]  No samples found: tophat
[2022-11-14 18:18:05,950] multiqc                                            [DEBUG  ]  No samples found: bowtie2
[2022-11-14 18:18:05,958] multiqc                                            [DEBUG  ]  No samples found: bowtie1
[2022-11-14 18:18:05,969] multiqc                                            [DEBUG  ]  No samples found: snpsplit
[2022-11-14 18:18:05,977] multiqc                                            [DEBUG  ]  No samples found: kat
[2022-11-14 18:18:05,987] multiqc                                            [DEBUG  ]  No samples found: leehom
[2022-11-14 18:18:06,003] multiqc                                            [DEBUG  ]  No samples found: adapterRemoval
[2022-11-14 18:18:06,011] multiqc                                            [DEBUG  ]  No samples found: clipandmerge
[2022-11-14 18:18:06,021] multiqc                                            [DEBUG  ]  No samples found: cutadapt
[2022-11-14 18:18:06,030] multiqc                                            [DEBUG  ]  No samples found: flexbar
[2022-11-14 18:18:06,039] multiqc                                            [DEBUG  ]  No samples found: kaiju
[2022-11-14 18:18:06,052] multiqc                                            [DEBUG  ]  No samples found: kraken
[2022-11-14 18:18:06,061] multiqc                                            [DEBUG  ]  No samples found: malt
[2022-11-14 18:18:06,071] multiqc                                            [DEBUG  ]  No samples found: trimmomatic
[2022-11-14 18:18:06,101] multiqc                                            [DEBUG  ]  No samples found: sickle
[2022-11-14 18:18:06,135] multiqc                                            [DEBUG  ]  No samples found: skewer
[2022-11-14 18:18:06,143] multiqc                                            [DEBUG  ]  No samples found: sortmerna
[2022-11-14 18:18:06,153] multiqc                                            [DEBUG  ]  No samples found: biobloomtools
[2022-11-14 18:18:06,162] multiqc                                            [DEBUG  ]  No samples found: fastq_screen
[2022-11-14 18:18:06,172] multiqc                                            [DEBUG  ]  No samples found: afterqc
[2022-11-14 18:18:06,180] multiqc                                            [DEBUG  ]  No samples found: fastp
[2022-11-14 18:18:06,472] multiqc.modules.fastqc.fastqc                      [INFO   ]  Found 10 reports
[2022-11-14 18:18:06,566] multiqc                                            [DEBUG  ]  No samples found: pycoqc
[2022-11-14 18:18:06,590] multiqc                                            [DEBUG  ]  No samples found: minionqc
[2022-11-14 18:18:06,608] multiqc                                            [DEBUG  ]  No samples found: multivcfanalyzer
[2022-11-14 18:18:06,628] multiqc                                            [DEBUG  ]  No samples found: clusterflow
[2022-11-14 18:18:06,643] multiqc                                            [DEBUG  ]  No samples found: bcl2fastq
[2022-11-14 18:18:06,649] multiqc                                            [DEBUG  ]  No samples found: interop
[2022-11-14 18:18:06,666] multiqc                                            [DEBUG  ]  No samples found: ivar
[2022-11-14 18:18:06,672] multiqc                                            [DEBUG  ]  No samples found: flash
[2022-11-14 18:18:06,692] multiqc                                            [DEBUG  ]  No samples found: seqyclean
[2022-11-14 18:18:06,725] multiqc                                            [INFO   ]  Compressing plot data
[2022-11-14 18:18:06,944] multiqc                                            [INFO   ]  Report      : multiqc_report.html
[2022-11-14 18:18:06,946] multiqc                                            [INFO   ]  Data        : multiqc_data
[2022-11-14 18:18:06,946] multiqc                                            [DEBUG  ]  Moving data file from '/tmp/tmpy21_gbrx/multiqc_data' to '/kyukon/data/gent/vo/000/gvo00095/Courses/AHTA/Group11/multiqc_data'
[2022-11-14 18:18:07,668] multiqc                                            [INFO   ]  MultiQC complete
